<?xml version="1.0" encoding="UTF-8"?>
<testng-results ignored="0" total="1" passed="1" failed="0" skipped="0">
  <reporter-output>
  </reporter-output>
  <suite started-at="2023-10-09T12:04:30 IST" name="Default suite" finished-at="2023-10-09T12:04:50 IST" duration-ms="19187">
    <groups>
    </groups>
    <test started-at="2023-10-09T12:04:30 IST" name="Default test" finished-at="2023-10-09T12:04:50 IST" duration-ms="19187">
      <class name="testcase.MySecond">
        <test-method is-config="true" signature="setUp()[pri:0, instance:testcase.MySecond@33065d67]" started-at="2023-10-09T12:04:30 IST" name="setUp" finished-at="2023-10-09T12:04:34 IST" duration-ms="3399" status="PASS">
          <reporter-output>
          </reporter-output>
        </test-method> <!-- setUp -->
        <test-method signature="LoginTest1()[pri:0, instance:testcase.MySecond@33065d67]" started-at="2023-10-09T12:04:34 IST" name="LoginTest1" finished-at="2023-10-09T12:04:49 IST" duration-ms="15612" status="PASS">
          <reporter-output>
          </reporter-output>
        </test-method> <!-- LoginTest1 -->
        <test-method is-config="true" signature="tearDown()[pri:0, instance:testcase.MySecond@33065d67]" started-at="2023-10-09T12:04:50 IST" name="tearDown" finished-at="2023-10-09T12:04:50 IST" duration-ms="124" status="PASS">
          <reporter-output>
          </reporter-output>
        </test-method> <!-- tearDown -->
      </class> <!-- testcase.MySecond -->
    </test> <!-- Default test -->
  </suite> <!-- Default suite -->
</testng-results>
